This is pdfTeX, Version 3.141592653-2.6-1.40.22 (MiKTeX 21.2) (preloaded format=pdflatex 2021.4.15)  2 JUN 2021 10:03
entering extended mode
**./cs333project.tex
(cs333project.tex
LaTeX2e <2020-10-01> patch level 4
L3 programming layer <2021-02-18> xparse <2020-03-03>
(C:\Users\HP\AppData\Local\Programs\MiKTeX\tex/latex/base\article.cls
Document Class: article 2020/04/10 v1.4m Standard LaTeX document class
(C:\Users\HP\AppData\Local\Programs\MiKTeX\tex/latex/base\size12.clo
File: size12.clo 2020/04/10 v1.4m Standard LaTeX file (size option)
)
\c@part=\count179
\c@section=\count180
\c@subsection=\count181
\c@subsubsection=\count182
\c@paragraph=\count183
\c@subparagraph=\count184
\c@figure=\count185
\c@table=\count186
\abovecaptionskip=\skip47
\belowcaptionskip=\skip48
\bibindent=\dimen138
)
(C:\Users\HP\AppData\Local\Programs\MiKTeX\tex/latex/base\inputenc.sty
Package: inputenc 2020/08/01 v1.3d Input encoding file
\inpenc@prehook=\toks15
\inpenc@posthook=\toks16
)
(C:\Users\HP\AppData\Local\Programs\MiKTeX\tex/latex/psnfss\mathptmx.sty
Package: mathptmx 2020/03/25 PSNFSS-v9.3 Times w/ Math, improved (SPQR, WaS) 
LaTeX Font Info:    Redeclaring symbol font `operators' on input line 28.
LaTeX Font Info:    Overwriting symbol font `operators' in version `normal'
(Font)                  OT1/cmr/m/n --> OT1/ztmcm/m/n on input line 28.
LaTeX Font Info:    Overwriting symbol font `operators' in version `bold'
(Font)                  OT1/cmr/bx/n --> OT1/ztmcm/m/n on input line 28.
LaTeX Font Info:    Redeclaring symbol font `letters' on input line 29.
LaTeX Font Info:    Overwriting symbol font `letters' in version `normal'
(Font)                  OML/cmm/m/it --> OML/ztmcm/m/it on input line 29.
LaTeX Font Info:    Overwriting symbol font `letters' in version `bold'
(Font)                  OML/cmm/b/it --> OML/ztmcm/m/it on input line 29.
LaTeX Font Info:    Redeclaring symbol font `symbols' on input line 30.
LaTeX Font Info:    Overwriting symbol font `symbols' in version `normal'
(Font)                  OMS/cmsy/m/n --> OMS/ztmcm/m/n on input line 30.
LaTeX Font Info:    Overwriting symbol font `symbols' in version `bold'
(Font)                  OMS/cmsy/b/n --> OMS/ztmcm/m/n on input line 30.
LaTeX Font Info:    Redeclaring symbol font `largesymbols' on input line 31.
LaTeX Font Info:    Overwriting symbol font `largesymbols' in version `normal'
(Font)                  OMX/cmex/m/n --> OMX/ztmcm/m/n on input line 31.
LaTeX Font Info:    Overwriting symbol font `largesymbols' in version `bold'
(Font)                  OMX/cmex/m/n --> OMX/ztmcm/m/n on input line 31.
\symbold=\mathgroup4
\symitalic=\mathgroup5
LaTeX Font Info:    Redeclaring math alphabet \mathbf on input line 34.
LaTeX Font Info:    Overwriting math alphabet `\mathbf' in version `normal'
(Font)                  OT1/cmr/bx/n --> OT1/ptm/bx/n on input line 34.
LaTeX Font Info:    Overwriting math alphabet `\mathbf' in version `bold'
(Font)                  OT1/cmr/bx/n --> OT1/ptm/bx/n on input line 34.
LaTeX Font Info:    Redeclaring math alphabet \mathit on input line 35.
LaTeX Font Info:    Overwriting math alphabet `\mathit' in version `normal'
(Font)                  OT1/cmr/m/it --> OT1/ptm/m/it on input line 35.
LaTeX Font Info:    Overwriting math alphabet `\mathit' in version `bold'
(Font)                  OT1/cmr/bx/it --> OT1/ptm/m/it on input line 35.
LaTeX Info: Redefining \hbar on input line 50.
)
(C:\Users\HP\AppData\Local\Programs\MiKTeX\tex/latex/latex-tools\indentfirst.st
y
Package: indentfirst 1995/11/23 v1.03 Indent first paragraph (DPC)
) (C:\Users\HP\AppData\Local\Programs\MiKTeX\tex/latex/setspace\setspace.sty
Package: setspace 2011/12/19 v6.7a set line spacing
)
   defining Unicode char U+00A0 (decimal 160)
   defining Unicode char U+2212 (decimal 8722)
LaTeX Font Info:    Trying to load font information for OT1+ptm on input line 1
0.

(C:\Users\HP\AppData\Local\Programs\MiKTeX\tex/latex/psnfss\ot1ptm.fd
File: ot1ptm.fd 2001/06/04 font definitions for OT1/ptm.
)
(C:\Users\HP\AppData\Local\Programs\MiKTeX\tex/latex/l3backend\l3backend-pdftex
.def
File: l3backend-pdftex.def 2021-02-18 L3 backend support: PDF output (pdfTeX)
\l__color_backend_stack_int=\count187
\l__pdf_internal_box=\box47
) (cs333project.aux)
\openout1 = `cs333project.aux'.

LaTeX Font Info:    Checking defaults for OML/cmm/m/it on input line 10.
LaTeX Font Info:    ... okay on input line 10.
LaTeX Font Info:    Checking defaults for OMS/cmsy/m/n on input line 10.
LaTeX Font Info:    ... okay on input line 10.
LaTeX Font Info:    Checking defaults for OT1/cmr/m/n on input line 10.
LaTeX Font Info:    ... okay on input line 10.
LaTeX Font Info:    Checking defaults for T1/cmr/m/n on input line 10.
LaTeX Font Info:    ... okay on input line 10.
LaTeX Font Info:    Checking defaults for TS1/cmr/m/n on input line 10.
LaTeX Font Info:    ... okay on input line 10.
LaTeX Font Info:    Checking defaults for OMX/cmex/m/n on input line 10.
LaTeX Font Info:    ... okay on input line 10.
LaTeX Font Info:    Checking defaults for U/cmr/m/n on input line 10.
LaTeX Font Info:    ... okay on input line 10.
\big@size=\dimen139
LaTeX Font Info:    Trying to load font information for OT1+ztmcm on input line
 34.

(C:\Users\HP\AppData\Local\Programs\MiKTeX\tex/latex/psnfss\ot1ztmcm.fd
File: ot1ztmcm.fd 2000/01/03 Fontinst v1.801 font definitions for OT1/ztmcm.
)
LaTeX Font Info:    Trying to load font information for OML+ztmcm on input line
 34.

(C:\Users\HP\AppData\Local\Programs\MiKTeX\tex/latex/psnfss\omlztmcm.fd
File: omlztmcm.fd 2000/01/03 Fontinst v1.801 font definitions for OML/ztmcm.
)
LaTeX Font Info:    Trying to load font information for OMS+ztmcm on input line
 34.

(C:\Users\HP\AppData\Local\Programs\MiKTeX\tex/latex/psnfss\omsztmcm.fd
File: omsztmcm.fd 2000/01/03 Fontinst v1.801 font definitions for OMS/ztmcm.
)
LaTeX Font Info:    Trying to load font information for OMX+ztmcm on input line
 34.

(C:\Users\HP\AppData\Local\Programs\MiKTeX\tex/latex/psnfss\omxztmcm.fd
File: omxztmcm.fd 2000/01/03 Fontinst v1.801 font definitions for OMX/ztmcm.
)
LaTeX Font Info:    Font shape `OT1/ptm/bx/n' in size <14.4> not available
(Font)              Font shape `OT1/ptm/b/n' tried instead on input line 34.
LaTeX Font Info:    Font shape `OT1/ptm/bx/n' in size <10.95> not available
(Font)              Font shape `OT1/ptm/b/n' tried instead on input line 34.
LaTeX Font Info:    Font shape `OT1/ptm/bx/n' in size <8> not available
(Font)              Font shape `OT1/ptm/b/n' tried instead on input line 34.

[1

{C:/Users/HP/AppData/Local/MiKTeX/pdftex/config/pdftex.map}]
(cs333project.toc
LaTeX Font Info:    Font shape `OT1/ptm/bx/n' in size <12> not available
(Font)              Font shape `OT1/ptm/b/n' tried instead on input line 3.
LaTeX Font Info:    Font shape `OT1/ptm/bx/n' in size <9> not available
(Font)              Font shape `OT1/ptm/b/n' tried instead on input line 3.
LaTeX Font Info:    Font shape `OT1/ptm/bx/n' in size <7> not available
(Font)              Font shape `OT1/ptm/b/n' tried instead on input line 3.
)
\tf@toc=\write3
\openout3 = `cs333project.toc'.

 [2] [3] [4] [5] [6] [7] [8] [9]
Overfull \hbox (12.56468pt too wide) in paragraph at lines 217--218
\OT1/ptm/m/n/12 odd 100-digit num-bers un-til a prime num-ber is found. Ap-prox
-i-mately $\OT1/ztmcm/m/n/12 (\OML/ztmcm/m/it/12 ln\OT1/ztmcm/m/n/12 10[]00)\OM
L/ztmcm/m/it/12 =\OT1/ztmcm/m/n/12 2 =
 []

[10]
Overfull \hbox (11.84908pt too wide) in paragraph at lines 249--250
\OT1/ptm/m/n/12 great-est com-mon di-vi-sor of $\OML/ztmcm/m/it/12 \OT1/ztmcm/
m/n/12 (\OML/ztmcm/m/it/12 n\OT1/ztmcm/m/n/12 )$ \OT1/ptm/m/n/12 and $\OML/ztmc
m/m/it/12 d$ \OT1/ptm/m/n/12 in or-der to com-pute $\OML/ztmcm/m/it/12 e$\OT1/p
tm/m/n/12 . Cal-cu-late $\OML/ztmcm/m/it/12 gcd\OT1/ztmcm/m/n/12 (\OML/ztmcm/m/
it/12 \OT1/ztmcm/m/n/12 (\OML/ztmcm/m/it/12 n\OT1/ztmcm/m/n/12 )\OML/ztmcm/m/i
t/12 ;  n\OT1/ztmcm/m/n/12 )$
 []


Overfull \hbox (24.24133pt too wide) in paragraph at lines 249--250
\OT1/ptm/m/n/12 by com-put-ing the se-ries $\OML/ztmcm/m/it/12 x[]; x[]; x[]; :
::;$ \OT1/ptm/m/n/12 where $\OML/ztmcm/m/it/12 x[] \OMS/ztmcm/m/n/12  \OML/ztm
cm/m/it/12 \OT1/ztmcm/m/n/12 (\OML/ztmcm/m/it/12 n\OT1/ztmcm/m/n/12 )\OML/ztmc
m/m/it/12 ;  x[] \OT1/ztmcm/m/n/12 = \OML/ztmcm/m/it/12 d;  and x[] \OMS/ztmcm/
m/n/12  \OML/ztmcm/m/it/12 x[]\OT1/ztmcm/m/n/12 (\OML/ztmcm/m/it/12 mod x[]\OT
1/ztmcm/m/n/12 )$\OT1/ptm/m/n/12 .
 []

[11]
Overfull \hbox (21.26031pt too wide) in paragraph at lines 253--253
[]\OT1/ptm/b/n/17.28 Security of the Method: Crypt-an-a-lytic Ap-proaches 
 []

[12]
LaTeX Font Info:    Trying to load font information for TS1+ptm on input line 2
76.
 (C:\Users\HP\AppData\Local\Programs\MiKTeX\tex/latex/psnfss\ts1ptm.fd
File: ts1ptm.fd 2001/06/04 font definitions for TS1/ptm.
)
Overfull \hbox (3.05605pt too wide) in paragraph at lines 284--285
\OT1/ptm/m/n/12 cur-rent tech-no-log-i-cal at-tacks; em-ploy-ing 200 dig-its gi
ves a mar-gin of safety against
 []

[13] [14] [15] (cs333project.aux) ) 
Here is how much of TeX's memory you used:
 700 strings out of 479334
 12192 string characters out of 2858509
 299506 words of memory out of 3000000
 18158 multiletter control sequences out of 15000+200000
 443456 words of font info for 105 fonts, out of 3000000 for 9000
 1141 hyphenation exceptions out of 8191
 44i,10n,50p,797b,212s stack positions out of 5000i,500n,10000p,200000b,50000s
{C:/Users/HP/AppData/Local/Programs/MiKTeX/f
onts/enc/dvips/base/8r.enc}<C:/Users/HP/AppData/Local/Programs/MiKTeX/fonts/typ
e1/public/amsfonts/cm/cmex10.pfb><C:/Users/HP/AppData/Local/Programs/MiKTeX/fon
ts/type1/public/amsfonts/cm/cmmi10.pfb><C:/Users/HP/AppData/Local/Programs/MiKT
eX/fonts/type1/public/amsfonts/cm/cmr10.pfb><C:/Users/HP/AppData/Local/Programs
/MiKTeX/fonts/type1/public/amsfonts/cm/cmsy10.pfb><C:/Users/HP/AppData/Local/Pr
ograms/MiKTeX/fonts/type1/urw/symbol/usyr.pfb><C:/Users/HP/AppData/Local/Progra
ms/MiKTeX/fonts/type1/urw/times/utmb8a.pfb><C:/Users/HP/AppData/Local/Programs/
MiKTeX/fonts/type1/urw/times/utmr8a.pfb><C:/Users/HP/AppData/Local/Programs/MiK
TeX/fonts/type1/urw/times/utmri8a.pfb>
Output written on cs333project.pdf (15 pages, 117661 bytes).
PDF statistics:
 84 PDF objects out of 1000 (max. 8388607)
 0 named destinations out of 1000 (max. 500000)
 1 words of extra memory for PDF output out of 10000 (max. 10000000)

